00:02:10.925 [main] INFO  - Go to Myaccount, click login button
17:19:21.070 [main] INFO  - Go to Myaccount, click login button
17:23:48.687 [main] INFO  - Go to Myaccount, click login button
17:23:49.512 [main] INFO  - User enters email and password
17:28:37.978 [main] INFO  - Go to Myaccount, click login button
17:28:38.607 [main] INFO  - User enters email and password
17:28:39.053 [main] INFO  - User clicks on the login button
17:28:40.087 [main] INFO  - User is redirected to the MyAccount page
17:56:28.716 [main] INFO  - Go to Myaccount, click login button
17:56:29.160 [main] INFO  - User enters email and password
17:56:29.424 [main] INFO  - User clicks on the login button
17:56:29.525 [main] INFO  - User is redirected to the MyAccount page
18:04:25.974 [main] INFO  - Go to Myaccount, click login button
18:04:26.657 [main] INFO  - User enters email and password
18:04:27.151 [main] INFO  - User clicks on the login button
18:04:29.055 [main] INFO  - User is redirected to the MyAccount page
00:18:58.287 [main] INFO  - Go to Myaccount, click login button
00:18:58.832 [main] INFO  - User enters email and password
00:18:59.124 [main] INFO  - User clicks on the login button
00:19:00.682 [main] INFO  - User is redirected to the MyAccount page
23:38:13.277 [main] INFO  - Go to Myaccount, click login button
23:38:13.689 [main] INFO  - User enters email and password
23:38:13.915 [main] INFO  - User clicks on the login button
23:38:14.031 [main] INFO  - User is redirected to the MyAccount page
18:04:36.050 [main] INFO  - Go to Myaccount, click login button
18:04:36.486 [main] INFO  - User enters email and password
18:04:36.723 [main] INFO  - User clicks on the login button
18:04:37.623 [main] INFO  - User is redirected to the MyAccount page
18:06:28.040 [main] INFO  - Go to Myaccount, click login button
18:06:28.511 [main] INFO  - User enters email and password
18:06:28.732 [main] INFO  - User clicks on the login button
18:06:28.831 [main] INFO  - User is redirected to the MyAccount page
23:30:36.154 [main] INFO  - Clciked registration link
23:30:37.346 [main] INFO  - Provided the necessary fields
23:30:37.546 [main] INFO  - Checked the privacy policy
23:30:38.787 [main] INFO  - Clicked on the continue button
23:54:55.123 [main] INFO  - Go to Myaccount, click login button
23:54:55.934 [main] INFO  - User enters email and password
23:54:56.396 [main] INFO  - User clicks on the login button
23:54:57.501 [main] INFO  - User is redirected to the MyAccount page
23:16:15.002 [main] INFO  - User clicked on the login button under Myaccount dropdown
23:16:17.882 [main] INFO  - User clicked on the login button under Myaccount dropdown
23:16:20.857 [main] INFO  - User clicked on the login button under Myaccount dropdown
23:22:25.645 [main] INFO  - User clicked on the login button under Myaccount dropdown
23:22:39.781 [main] INFO  - User clicked on the login button under Myaccount dropdown
23:22:53.669 [main] INFO  - User clicked on the login button under Myaccount dropdown
23:22:55.130 [main] INFO  - User is redirected to the MyAccount page
23:24:49.101 [main] INFO  - User clicked on the login button under Myaccount dropdown
23:25:04.225 [main] INFO  - User clicked on the login button under Myaccount dropdown
23:25:12.752 [main] INFO  - User clicked on the login button under Myaccount dropdown
23:25:15.203 [main] INFO  - User is redirected to the MyAccount page
23:26:22.701 [main] INFO  - User clicked on the login button under Myaccount dropdown
23:26:37.266 [main] INFO  - User clicked on the login button under Myaccount dropdown
23:26:51.215 [main] INFO  - User clicked on the login button under Myaccount dropdown
23:26:52.503 [main] INFO  - User is redirected to the MyAccount page
23:38:57.944 [main] INFO  - User clicked on the login button under Myaccount dropdown
23:39:12.864 [main] INFO  - User clicked on the login button under Myaccount dropdown
23:39:27.398 [main] INFO  - User clicked on the login button under Myaccount dropdown
23:39:28.861 [main] INFO  - User is redirected to the MyAccount page
23:42:47.205 [main] INFO  - User clicked on the login button under Myaccount dropdown
23:43:01.749 [main] INFO  - User clicked on the login button under Myaccount dropdown
23:43:17.527 [main] INFO  - User clicked on the login button under Myaccount dropdown
23:43:18.727 [main] INFO  - User is redirected to the MyAccount page
17:07:27.832 [main] INFO  - User clicked on the login button under Myaccount dropdown
17:07:32.603 [main] INFO  - User clicked on the login button under Myaccount dropdown
17:07:36.810 [main] INFO  - User clicked on the login button under Myaccount dropdown
17:07:42.013 [main] INFO  - User clicked on the login button under Myaccount dropdown
17:07:46.694 [main] INFO  - User clicked on the login button under Myaccount dropdown
17:07:50.850 [main] INFO  - User clicked on the login button under Myaccount dropdown
22:54:18.673 [main] INFO  - User clicked on the login button under Myaccount dropdown
22:54:18.800 [main] INFO  - User enters email and password
22:54:19.261 [main] INFO  - User clicks on the login button
22:54:20.788 [main] INFO  - User is redirected to the MyAccount page
23:00:22.668 [main] INFO  - User clicked on the login button under Myaccount dropdown
23:00:23.069 [main] INFO  - User clicks on the login button
23:00:28.567 [main] INFO  - User clicked on the login button under Myaccount dropdown
23:00:29.039 [main] INFO  - User clicks on the login button
23:00:33.840 [main] INFO  - User clicked on the login button under Myaccount dropdown
23:00:34.295 [main] INFO  - User clicks on the login button
23:06:52.417 [main] INFO  - User clicked on the login button under Myaccount dropdown
23:06:52.840 [main] INFO  - User clicks on the login button
23:06:57.727 [main] INFO  - User clicked on the login button under Myaccount dropdown
23:06:58.194 [main] INFO  - User clicks on the login button
23:07:03.138 [main] INFO  - User clicked on the login button under Myaccount dropdown
23:07:03.585 [main] INFO  - User clicks on the login button
23:18:28.399 [main] INFO  - User clicked on the login button under Myaccount dropdown
23:18:28.866 [main] INFO  - User clicks on the login button
23:18:30.029 [main] INFO  - User is redirected to the MyAccount page
23:18:46.315 [main] INFO  - User clicked on the login button under Myaccount dropdown
23:18:46.825 [main] INFO  - User clicks on the login button
23:18:47.940 [main] INFO  - User is redirected to the MyAccount page
23:19:04.452 [main] INFO  - User clicked on the login button under Myaccount dropdown
23:19:05.023 [main] INFO  - User clicks on the login button
23:19:08.008 [main] INFO  - User is redirected to the MyAccount page
23:27:18.969 [main] INFO  - User clicked on the login button under Myaccount dropdown
23:27:19.629 [main] INFO  - User clicks on the login button
23:27:21.625 [main] INFO  - User is redirected to the MyAccount page
23:27:37.846 [main] INFO  - User clicked on the login button under Myaccount dropdown
23:27:38.422 [main] INFO  - User clicks on the login button
23:27:39.616 [main] INFO  - User is redirected to the MyAccount page
23:27:55.945 [main] INFO  - User clicked on the login button under Myaccount dropdown
23:27:56.498 [main] INFO  - User clicks on the login button
23:27:57.644 [main] INFO  - User is redirected to the MyAccount page
23:32:15.402 [main] INFO  - User clicked on the login button under Myaccount dropdown
23:32:15.910 [main] INFO  - User clicks on the login button
23:32:17.932 [main] INFO  - User is redirected to the MyAccount page
23:32:34.747 [main] INFO  - User clicked on the login button under Myaccount dropdown
23:32:35.283 [main] INFO  - User clicks on the login button
23:32:36.403 [main] INFO  - User is redirected to the MyAccount page
23:32:52.155 [main] INFO  - User clicked on the login button under Myaccount dropdown
23:32:52.714 [main] INFO  - User clicks on the login button
23:32:53.906 [main] INFO  - User is redirected to the MyAccount page
